<?xml version="1.0" encoding="UTF-8"?>
<testsuite name="HU-01 Busqueda de un grupo de productos en Linio para añadirlos al carrito" tests="1" skipped="0" failures="0" errors="0" timestamp="2021-12-05T15:40:29" hostname="DESKTOP-585GA7R" time="18.116">
  <properties/>
  <testcase name="Buscar un producto" classname="HU-01 Busqueda de un grupo de productos en Linio para añadirlos al carrito" time="18.116"/>
  <system-out><![CDATA[]]></system-out>
  <system-err><![CDATA[Starting ChromeDriver 96.0.4664.45 (76e4c1bb2ab4671b8beba3444e61c0f17584b2fc-refs/branch-heads/4664@{#947}) on port 30615
Only local connections are allowed.
Please see https://chromedriver.chromium.org/security-considerations for suggestions on keeping ChromeDriver safe.
ChromeDriver was started successfully.
dic 05, 2021 10:40:30 AM org.openqa.selenium.remote.ProtocolHandshake createSession
INFORMACIÓN: Detected dialect: W3C
[Test worker] INFO net.thucydides.core.steps.ConsoleLoggingListener - 
        __    _____ _____ ____ _____   ____   _    ____  ____  _____ ____  
  _     \ \  |_   _| ____/ ___|_   _| |  _ \ / \  / ___|/ ___|| ____|  _ \ 
 (_)_____| |   | | |  _| \___ \ | |   | |_) / _ \ \___ \\___ \|  _| | | | |
  _|_____| |   | | | |___ ___) || |   |  __/ ___ \ ___) |___) | |___| |_| |
 (_)     | |   |_| |_____|____/ |_|   |_| /_/   \_\____/|____/|_____|____/ 
        /_/                                                                

TEST PASSED: Buscar un producto
----------------------------------------------------------------------------
]]></system-err>
</testsuite>
